<?xml version="1.0" encoding="UTF-8"?>
<!-- Generated by org.testng.reporters.JUnitXMLReporter -->
<testsuite hostname="5CG50201R7" ignored="0" name="Testing" tests="3" failures="0" timestamp="19 May 2018 09:05:42 GMT" time="0.29" errors="0">
  <testcase name="shouldAnswerWithTrue" time="0.0" classname="learnMvnProject.AppTest"/>
  <testcase name="shouldAnswerWithTrue" time="0.0" classname="learnMvnProject.AppTest1"/>
  <testcase name="shouldAnswerWithTrue" time="0.0" classname="learnMvnProject.AppTest2"/>
</testsuite> <!-- Testing -->
