<?xml version="1.0" encoding="UTF-8"?>
<!-- Generated by org.testng.reporters.JUnitXMLReporter -->
<testsuite hostname="5CG50201R7" ignored="0" name="Default test" tests="3" failures="0" timestamp="31 May 2018 12:13:12 GMT" time="0.041" errors="0">
  <testcase name="Test2" time="0.008" classname="SeleniumDay.DataProvider"/>
  <testcase name="Test2" time="0.002" classname="SeleniumDay.DataProvider"/>
  <testcase name="Test2" time="0.001" classname="SeleniumDay.DataProvider"/>
</testsuite> <!-- Default test -->
